<?xml version="1.0" encoding="UTF-8"?>
<testng-results ignored="0" total="4" passed="3" failed="1" skipped="0">
  <reporter-output>
  </reporter-output>
  <suite started-at="2020-08-03T17:03:33Z" name="Suite" finished-at="2020-08-03T17:04:17Z" duration-ms="44029">
    <groups>
    </groups>
    <test started-at="2020-08-03T17:03:33Z" name="Validating navigation bar" finished-at="2020-08-03T17:03:44Z" duration-ms="11062">
      <class name="Academy.ValidateHomePageNavigationBar">
        <test-method is-config="true" signature="initialize()[pri:0, instance:Academy.ValidateHomePageNavigationBar@f58853c]" started-at="2020-08-03T17:03:33Z" name="initialize" finished-at="2020-08-03T17:03:44Z" duration-ms="10829" status="PASS">
          <reporter-output>
          </reporter-output>
        </test-method> <!-- initialize -->
        <test-method signature="basePageNavigation()[pri:0, instance:Academy.ValidateHomePageNavigationBar@f58853c]" started-at="2020-08-03T17:03:44Z" name="basePageNavigation" finished-at="2020-08-03T17:03:44Z" duration-ms="122" status="PASS">
          <reporter-output>
          </reporter-output>
        </test-method> <!-- basePageNavigation -->
        <test-method is-config="true" signature="terardown()[pri:0, instance:Academy.ValidateHomePageNavigationBar@f58853c]" started-at="2020-08-03T17:03:44Z" name="terardown" finished-at="2020-08-03T17:03:44Z" duration-ms="79" status="PASS">
          <reporter-output>
          </reporter-output>
        </test-method> <!-- terardown -->
      </class> <!-- Academy.ValidateHomePageNavigationBar -->
    </test> <!-- Validating navigation bar -->
    <test started-at="2020-08-03T17:03:44Z" name="App testing" finished-at="2020-08-03T17:03:44Z" duration-ms="0">
    </test> <!-- App testing -->
    <test started-at="2020-08-03T17:03:44Z" name="Validating HomePageTitle" finished-at="2020-08-03T17:04:02Z" duration-ms="17800">
      <class name="Academy.ValidateHomePageTitle">
        <test-method is-config="true" signature="initialize()[pri:0, instance:Academy.ValidateHomePageTitle@7a8fa663]" started-at="2020-08-03T17:03:44Z" name="initialize" finished-at="2020-08-03T17:04:02Z" duration-ms="17304" status="PASS">
          <reporter-output>
          </reporter-output>
        </test-method> <!-- initialize -->
        <test-method signature="basePageNavigation()[pri:0, instance:Academy.ValidateHomePageTitle@7a8fa663]" started-at="2020-08-03T17:04:02Z" name="basePageNavigation" finished-at="2020-08-03T17:04:02Z" duration-ms="66" status="FAIL">
          <exception class="java.lang.AssertionError">
            <message>
              <![CDATA[expected [FEATURED COURSES123] but found [FEATURED COURSES]]]>
            </message>
            <full-stacktrace>
              <![CDATA[java.lang.AssertionError: expected [FEATURED COURSES123] but found [FEATURED COURSES]
at org.testng.Assert.fail(Assert.java:96)
at org.testng.Assert.failNotEquals(Assert.java:776)
at org.testng.Assert.assertEqualsImpl(Assert.java:137)
at org.testng.Assert.assertEquals(Assert.java:118)
at org.testng.Assert.assertEquals(Assert.java:453)
at org.testng.Assert.assertEquals(Assert.java:463)
at Academy.ValidateHomePageTitle.basePageNavigation(ValidateHomePageTitle.java:62)
at java.base/jdk.internal.reflect.NativeMethodAccessorImpl.invoke0(Native Method)
at java.base/jdk.internal.reflect.NativeMethodAccessorImpl.invoke(NativeMethodAccessorImpl.java:62)
at java.base/jdk.internal.reflect.DelegatingMethodAccessorImpl.invoke(DelegatingMethodAccessorImpl.java:43)
at java.base/java.lang.reflect.Method.invoke(Method.java:564)
at org.testng.internal.MethodInvocationHelper.invokeMethod(MethodInvocationHelper.java:124)
at org.testng.internal.Invoker.invokeMethod(Invoker.java:583)
at org.testng.internal.Invoker.invokeTestMethod(Invoker.java:719)
at org.testng.internal.Invoker.invokeTestMethods(Invoker.java:989)
at org.testng.internal.TestMethodWorker.invokeTestMethods(TestMethodWorker.java:125)
at org.testng.internal.TestMethodWorker.run(TestMethodWorker.java:109)
at org.testng.TestRunner.privateRun(TestRunner.java:648)
at org.testng.TestRunner.run(TestRunner.java:505)
at org.testng.SuiteRunner.runTest(SuiteRunner.java:455)
at org.testng.SuiteRunner.runSequentially(SuiteRunner.java:450)
at org.testng.SuiteRunner.privateRun(SuiteRunner.java:415)
at org.testng.SuiteRunner.run(SuiteRunner.java:364)
at org.testng.SuiteRunnerWorker.runSuite(SuiteRunnerWorker.java:52)
at org.testng.SuiteRunnerWorker.run(SuiteRunnerWorker.java:84)
at org.testng.TestNG.runSuitesSequentially(TestNG.java:1208)
at org.testng.TestNG.runSuitesLocally(TestNG.java:1137)
at org.testng.TestNG.runSuites(TestNG.java:1049)
at org.testng.TestNG.run(TestNG.java:1017)
at org.apache.maven.surefire.testng.TestNGExecutor.run(TestNGExecutor.java:283)
at org.apache.maven.surefire.testng.TestNGXmlTestSuite.execute(TestNGXmlTestSuite.java:75)
at org.apache.maven.surefire.testng.TestNGProvider.invoke(TestNGProvider.java:120)
at org.apache.maven.surefire.booter.ForkedBooter.invokeProviderInSameClassLoader(ForkedBooter.java:384)
at org.apache.maven.surefire.booter.ForkedBooter.runSuitesInProcess(ForkedBooter.java:345)
at org.apache.maven.surefire.booter.ForkedBooter.execute(ForkedBooter.java:126)
at org.apache.maven.surefire.booter.ForkedBooter.main(ForkedBooter.java:418)
]]>
            </full-stacktrace>
          </exception> <!-- java.lang.AssertionError -->
          <reporter-output>
          </reporter-output>
        </test-method> <!-- basePageNavigation -->
        <test-method is-config="true" signature="terardown()[pri:0, instance:Academy.ValidateHomePageTitle@7a8fa663]" started-at="2020-08-03T17:04:02Z" name="terardown" finished-at="2020-08-03T17:04:02Z" duration-ms="42" status="PASS">
          <reporter-output>
          </reporter-output>
        </test-method> <!-- terardown -->
      </class> <!-- Academy.ValidateHomePageTitle -->
    </test> <!-- Validating HomePageTitle -->
    <test started-at="2020-08-03T17:04:02Z" name="LoadingHomePage" finished-at="2020-08-03T17:04:17Z" duration-ms="14532">
      <class name="Academy.HomePage">
        <test-method is-config="true" signature="initialize()[pri:0, instance:Academy.HomePage@5b04476e]" started-at="2020-08-03T17:04:02Z" name="initialize" finished-at="2020-08-03T17:04:10Z" duration-ms="8105" status="PASS">
          <reporter-output>
          </reporter-output>
        </test-method> <!-- initialize -->
        <test-method signature="basePageNavigation(java.lang.String, java.lang.String)[pri:0, instance:Academy.HomePage@5b04476e]" started-at="2020-08-03T17:04:10Z" name="basePageNavigation" data-provider="getData" finished-at="2020-08-03T17:04:14Z" duration-ms="3525" status="PASS">
          <params>
            <param index="0">
              <value>
                <![CDATA[nonrestricteduser@ab.com]]>
              </value>
            </param>
            <param index="1">
              <value>
                <![CDATA[123]]>
              </value>
            </param>
          </params>
          <reporter-output>
          </reporter-output>
        </test-method> <!-- basePageNavigation -->
        <test-method signature="basePageNavigation(java.lang.String, java.lang.String)[pri:0, instance:Academy.HomePage@5b04476e]" started-at="2020-08-03T17:04:14Z" name="basePageNavigation" data-provider="getData" finished-at="2020-08-03T17:04:17Z" duration-ms="2861" status="PASS">
          <params>
            <param index="0">
              <value>
                <![CDATA[restricteduser@ab.com]]>
              </value>
            </param>
            <param index="1">
              <value>
                <![CDATA[1234]]>
              </value>
            </param>
          </params>
          <reporter-output>
          </reporter-output>
        </test-method> <!-- basePageNavigation -->
        <test-method is-config="true" signature="terardown()[pri:0, instance:Academy.HomePage@5b04476e]" started-at="2020-08-03T17:04:17Z" name="terardown" finished-at="2020-08-03T17:04:17Z" duration-ms="36" status="PASS">
          <reporter-output>
          </reporter-output>
        </test-method> <!-- terardown -->
      </class> <!-- Academy.HomePage -->
    </test> <!-- LoadingHomePage -->
  </suite> <!-- Suite -->
</testng-results>
